<?xml version="1.0" encoding="UTF-8"?>
<!-- Generated by org.testng.reporters.JUnitReportReporter -->
<testsuite hostname="Chaitu" failures="0" tests="7" name="runner.ParallelRun" time="71.638" errors="0" timestamp="2023-02-20T01:45:30 EST" skipped="0">
  <testcase classname="runner.ParallelRun" name="runScenario" time="9.275"/>
  <system-out/>
  <testcase classname="runner.ParallelRun" name="runScenario" time="7.376"/>
  <system-out/>
  <testcase classname="runner.ParallelRun" name="runScenario" time="6.697"/>
  <system-out/>
  <testcase classname="runner.ParallelRun" name="runScenario" time="7.248"/>
  <system-out/>
  <testcase classname="runner.ParallelRun" name="runScenario" time="7.824"/>
  <system-out/>
  <testcase classname="runner.ParallelRun" name="runScenario" time="25.636"/>
  <system-out/>
  <testcase classname="runner.ParallelRun" name="runScenario" time="7.582"/>
  <system-out/>
</testsuite> <!-- runner.ParallelRun -->
